2024-01-27 11:09:40,822 - __main__ - INFO - Token value: Token not available!
2024-01-27 11:09:43,097 - __main__ - INFO - Weather in Berlin: 4.92
2024-01-27 11:09:43,097 - __main__ - INFO - Pressure in Berlin: 1013
2024-01-27 11:09:43,098 - __main__ - INFO - Humidity in Berlin: 77
2024-02-11 16:02:24,745 - __main__ - INFO - Token value: 1234
2024-02-12 00:56:38,062 - __main__ - INFO - Token value: 1234
2024-02-19 00:57:26,483 - __main__ - INFO - Token value: 1234
2024-02-26 00:57:01,529 - __main__ - INFO - Token value: 1234
2024-03-04 00:56:37,293 - __main__ - INFO - Token value: 1234
2024-03-11 00:56:57,937 - __main__ - INFO - Token value: 1234
2024-03-18 00:57:07,941 - __main__ - INFO - Token value: 1234
2024-03-25 00:58:00,259 - __main__ - INFO - Token value: 1234
2024-04-01 01:02:13,204 - __main__ - INFO - Token value: 1234
2024-04-08 00:58:14,534 - __main__ - INFO - Token value: 1234
2024-04-15 03:19:27,590 - __main__ - INFO - Token value: 1234
2024-04-22 00:59:48,010 - __main__ - INFO - Token value: 1234
2024-04-29 00:59:30,864 - __main__ - INFO - Token value: 1234
2024-05-06 01:00:09,341 - __main__ - INFO - Token value: 1234
2024-05-13 01:01:22,943 - __main__ - INFO - Token value: 1234
2024-05-20 01:00:57,236 - __main__ - INFO - Token value: 1234
2024-05-27 01:02:02,998 - __main__ - INFO - Token value: 1234
2024-06-03 01:03:08,107 - __main__ - INFO - Token value: 1234
2024-06-10 01:04:43,301 - __main__ - INFO - Token value: 1234
2024-06-17 01:05:13,537 - __main__ - INFO - Token value: 1234
2024-06-24 01:04:36,829 - __main__ - INFO - Token value: 1234
2024-07-01 01:11:02,512 - __main__ - INFO - Token value: 1234
2024-07-08 01:06:03,105 - __main__ - INFO - Token value: 1234
2024-07-15 01:07:00,364 - __main__ - INFO - Token value: 1234
2024-07-22 01:07:39,719 - __main__ - INFO - Token value: 1234
2024-07-29 01:07:35,490 - __main__ - INFO - Token value: 1234
2024-08-05 01:07:47,372 - __main__ - INFO - Token value: 1234
2024-08-12 01:08:40,134 - __main__ - INFO - Token value: 1234
2024-08-19 01:08:05,269 - __main__ - INFO - Token value: 1234
2024-08-26 01:07:50,161 - __main__ - INFO - Token value: 1234
2024-09-02 01:11:19,091 - __main__ - INFO - Token value: 1234
2024-09-09 01:12:28,646 - __main__ - INFO - Token value: 1234
2024-09-16 01:15:08,071 - __main__ - INFO - Token value: 1234
2024-09-23 01:14:03,954 - __main__ - INFO - Token value: 1234
2024-09-30 01:16:24,703 - __main__ - INFO - Token value: 1234
2024-10-07 01:16:22,759 - __main__ - INFO - Token value: 1234
2024-10-14 01:16:12,794 - __main__ - INFO - Token value: 1234
2024-10-21 01:16:14,390 - __main__ - INFO - Token value: 1234
2024-10-28 01:17:39,681 - __main__ - INFO - Token value: 1234
2024-11-04 01:16:27,416 - __main__ - INFO - Token value: 1234
2024-11-11 01:14:51,961 - __main__ - INFO - Token value: 1234
2024-11-18 01:19:59,583 - __main__ - INFO - Token value: 1234
2024-11-25 01:19:34,898 - __main__ - INFO - Token value: 1234
2024-12-02 01:22:27,891 - __main__ - INFO - Token value: 1234
2024-12-09 01:23:23,168 - __main__ - INFO - Token value: 1234
2024-12-16 01:23:45,771 - __main__ - INFO - Token value: 1234
2024-12-23 01:16:12,377 - __main__ - INFO - Token value: 1234
